<?xml version="1.0" encoding="UTF-8"?>
<!-- Generated by org.testng.reporters.JUnitXMLReporter -->
<testsuite ignored="2" hostname="LAPTOP-IJ2AQJ71" failures="0" tests="1" name="Default test(failed)" time="0.088" errors="0" timestamp="2024-03-12T09:53:48 IST">
  <testcase classname="batchExecutiom.sample1" name="Tc3" time="0.013"/>
  <testcase classname="batchExecutiom.sample1" name="Tc2" time="0.0">
    <ignored/>
  </testcase> <!-- Tc2 -->
  <testcase classname="batchExecutiom.sample1" name="Tc1" time="0.0">
    <ignored/>
  </testcase> <!-- Tc1 -->
</testsuite> <!-- Default test(failed) -->
